app/build/intermediates/manifest_merge_blame_file/release/manifest-merger-blame-release-report.txt
1<?xml version="1.0" encoding="utf-8"?>
2<manifest xmlns:android="http://schemas.android.com/apk/res/android"
3    package="com.example.mkmusic"
4    android:versionCode="1"
5    android:versionName="1.0" >
6
7    <uses-sdk
8        android:minSdkVersion="21"
8-->src\main\AndroidManifest.xml
9        android:targetSdkVersion="31" />
9-->src\main\AndroidManifest.xml
10
11    <uses-permission android:name="android.permission.WAKE_LOCK" />
11-->src\main\AndroidManifest.xml:5:5-68
11-->src\main\AndroidManifest.xml:5:22-65
12    <uses-permission android:name="android.permission.READ_EXTERNAL_STORAGE" />
12-->src\main\AndroidManifest.xml:6:5-80
12-->src\main\AndroidManifest.xml:6:22-77
13
14    <application
14-->src\main\AndroidManifest.xml:8:5-46:19
15        android:allowBackup="true"
15-->src\main\AndroidManifest.xml:9:9-35
16        android:icon="@drawable/logo"
16-->src\main\AndroidManifest.xml:10:9-38
17        android:label="@string/app_name"
17-->src\main\AndroidManifest.xml:11:9-41
18        android:roundIcon="@drawable/logo"
18-->src\main\AndroidManifest.xml:12:9-43
19        android:supportsRtl="true"
19-->src\main\AndroidManifest.xml:13:9-35
20        android:theme="@style/AppTheme" >
20-->src\main\AndroidManifest.xml:14:9-40
21        <activity
21-->src\main\AndroidManifest.xml:15:9-29:20
22            android:name="com.example.mkmusic.SplashScreenActivity"
22-->src\main\AndroidManifest.xml:16:9-44
23            android:launchMode="singleTop"
23-->src\main\AndroidManifest.xml:17:9-39
24            android:screenOrientation="portrait" >
24-->src\main\AndroidManifest.xml:18:9-45
25            <intent-filter>
25-->src\main\AndroidManifest.xml:20:9-24:25
26                <action android:name="android.intent.action.MAIN" />
26-->src\main\AndroidManifest.xml:21:13-65
26-->src\main\AndroidManifest.xml:21:21-62
27
28                <category android:name="android.intent.category.LAUNCHER" />
28-->src\main\AndroidManifest.xml:23:13-73
28-->src\main\AndroidManifest.xml:23:23-70
29            </intent-filter>
30
31            <meta-data
31-->src\main\AndroidManifest.xml:26:13-28:54
32                android:name="android.app.searchable"
32-->src\main\AndroidManifest.xml:27:17-54
33                android:resource="@xml/searchable" />
33-->src\main\AndroidManifest.xml:28:17-51
34        </activity>
35        <activity
35-->src\main\AndroidManifest.xml:31:9-44:20
36            android:name="com.example.mkmusic.Activity.MainActivity"
36-->src\main\AndroidManifest.xml:32:13-50
37            android:launchMode="singleTop"
37-->src\main\AndroidManifest.xml:33:13-43
38            android:screenOrientation="portrait" >
38-->src\main\AndroidManifest.xml:34:13-49
39            <intent-filter>
39-->src\main\AndroidManifest.xml:35:13-39:29
40                <action android:name="android.intent.action.MAIN" />
40-->src\main\AndroidManifest.xml:21:13-65
40-->src\main\AndroidManifest.xml:21:21-62
41
42                <category android:name="android.intent.category.HOME" />
42-->src\main\AndroidManifest.xml:38:17-73
42-->src\main\AndroidManifest.xml:38:27-70
43            </intent-filter>
44
45            <meta-data
45-->src\main\AndroidManifest.xml:26:13-28:54
46                android:name="android.app.searchable"
46-->src\main\AndroidManifest.xml:27:17-54
47                android:resource="@xml/searchable" />
47-->src\main\AndroidManifest.xml:28:17-51
48        </activity>
49    </application>
50
51</manifest>